{"total": {"lines":{"total":99,"covered":95,"skipped":0,"pct":95.95},"statements":{"total":109,"covered":104,"skipped":0,"pct":95.41},"functions":{"total":19,"covered":18,"skipped":0,"pct":94.73},"branches":{"total":79,"covered":74,"skipped":0,"pct":93.67},"branchesTrue":{"total":0,"covered":0,"skipped":0,"pct":100}}
,"C:\\Users\\glenm\\Downloads\\internship_project\\components\\transactions\\transaction-log.tsx": {"lines":{"total":4,"covered":4,"skipped":0,"pct":100},"functions":{"total":2,"covered":2,"skipped":0,"pct":100},"statements":{"total":4,"covered":4,"skipped":0,"pct":100},"branches":{"total":14,"covered":13,"skipped":0,"pct":92.85}}
,"C:\\Users\\glenm\\Downloads\\internship_project\\lib\\csr-helpers.ts": {"lines":{"total":12,"covered":12,"skipped":0,"pct":100},"functions":{"total":3,"covered":3,"skipped":0,"pct":100},"statements":{"total":13,"covered":13,"skipped":0,"pct":100},"branches":{"total":10,"covered":10,"skipped":0,"pct":100}}
,"C:\\Users\\glenm\\Downloads\\internship_project\\lib\\identity-format.ts": {"lines":{"total":33,"covered":33,"skipped":0,"pct":100},"functions":{"total":7,"covered":7,"skipped":0,"pct":100},"statements":{"total":42,"covered":41,"skipped":0,"pct":97.61},"branches":{"total":26,"covered":25,"skipped":0,"pct":96.15}}
,"C:\\Users\\glenm\\Downloads\\internship_project\\lib\\utils.ts": {"lines":{"total":1,"covered":1,"skipped":0,"pct":100},"functions":{"total":1,"covered":1,"skipped":0,"pct":100},"statements":{"total":1,"covered":1,"skipped":0,"pct":100},"branches":{"total":0,"covered":0,"skipped":0,"pct":100}}
,"C:\\Users\\glenm\\Downloads\\internship_project\\lib\\validations\\index.ts": {"lines":{"total":49,"covered":45,"skipped":0,"pct":91.83},"functions":{"total":6,"covered":5,"skipped":0,"pct":83.33},"statements":{"total":49,"covered":45,"skipped":0,"pct":91.83},"branches":{"total":29,"covered":26,"skipped":0,"pct":89.65}}
}
